<?xml version="1.0" encoding="UTF-8"?>
<!-- Generated by org.testng.reporters.JUnitReportReporter -->
<testsuite hostname="DESKTOP-SORKUUJ" failures="0" tests="2" name="Section10.L03a_TestngXml" time="0.006" errors="0" timestamp="2023-03-31T23:53:12 CEST" skipped="0">
  <testcase classname="Section10.L03a_TestngXml" name="method6" time="0.002"/>
  <system-out/>
  <testcase classname="Section10.L03a_TestngXml" name="method5" time="0.004"/>
  <system-out/>
</testsuite> <!-- Section10.L03a_TestngXml -->
