<?xml version="1.0" encoding="UTF-8"?>
<!-- Generated by org.testng.reporters.JUnitReportReporter -->
<testsuite hostname="DESKTOP-SORKUUJ" failures="0" tests="1" name="Section10.L03b_TestngXml" time="0.014" errors="0" timestamp="2023-04-01T00:03:30 CEST" skipped="0">
  <testcase classname="Section10.L03b_TestngXml" name="method8" time="0.014"/>
  <system-out/>
</testsuite> <!-- Section10.L03b_TestngXml -->
