<?xml version="1.0" encoding="UTF-8"?>
<!-- Generated by org.testng.reporters.JUnitReportReporter -->
<testsuite hostname="DESKTOP-SORKUUJ" failures="0" tests="1" name="Section11.L02_Login" time="3.846" errors="0" timestamp="2023-04-02T22:41:13 CEST" skipped="0">
  <testcase classname="Section11.L02_Login" name="signin" time="3.846"/>
  <system-out/>
</testsuite> <!-- Section11.L02_Login -->
