<?xml version="1.0" encoding="UTF-8"?>
<!-- Generated by org.testng.reporters.JUnitReportReporter -->
<testsuite hostname="DESKTOP-SORKUUJ" failures="0" tests="1" name="Section10.L11_Parameters" time="6.441" errors="0" timestamp="2023-04-01T22:09:50 CEST" skipped="0">
  <testcase classname="Section10.L11_Parameters" name="signin" time="6.441"/>
  <system-out/>
</testsuite> <!-- Section10.L11_Parameters -->
