<?xml version="1.0" encoding="UTF-8"?>
<!-- Generated by org.testng.reporters.JUnitReportReporter -->
<testsuite hostname="DESKTOP-SORKUUJ" failures="0" tests="2" name="Section10.L02a_TestngXml" time="0.008" errors="0" timestamp="2023-03-31T23:53:11 CEST" skipped="0">
  <testcase classname="Section10.L02a_TestngXml" name="method2" time="0.004"/>
  <system-out/>
  <testcase classname="Section10.L02a_TestngXml" name="method1" time="0.004"/>
  <system-out/>
</testsuite> <!-- Section10.L02a_TestngXml -->
