<?xml version="1.0" encoding="UTF-8"?>
<!-- Generated by org.testng.reporters.JUnitReportReporter -->
<testsuite hostname="DESKTOP-SORKUUJ" failures="0" tests="1" name="Section10.L08_Annotations_a" time="2.631" errors="0" timestamp="2023-04-01T19:54:34 CEST" skipped="0">
  <testcase classname="Section10.L08_Annotations_a" name="test" time="2.631"/>
  <system-out/>
</testsuite> <!-- Section10.L08_Annotations_a -->
