<?xml version="1.0" encoding="UTF-8"?>
<!-- Generated by org.testng.reporters.JUnitReportReporter -->
<testsuite hostname="DESKTOP-SORKUUJ" failures="0" tests="1" name="Section11.L03_Login" time="9.287" errors="0" timestamp="2023-04-02T23:56:04 CEST" skipped="0">
  <testcase classname="Section11.L03_Login" name="signin" time="9.287"/>
  <system-out/>
</testsuite> <!-- Section11.L03_Login -->
