<?xml version="1.0" encoding="UTF-8"?>
<!-- Generated by org.testng.reporters.JUnitReportReporter -->
<testsuite hostname="DESKTOP-SORKUUJ" failures="0" tests="3" name="Section10.L10b_TestngXml" time="0.004" errors="0" timestamp="2023-04-01T21:42:30 CEST" skipped="0">
  <testcase classname="Section10.L10b_TestngXml" name="method3" time="0.001"/>
  <system-out/>
  <testcase classname="Section10.L10b_TestngXml" name="method4" time="0.001"/>
  <system-out/>
  <testcase classname="Section10.L10b_TestngXml" name="method5" time="0.002"/>
  <system-out/>
</testsuite> <!-- Section10.L10b_TestngXml -->
