<?xml version="1.0" encoding="UTF-8"?>
<!-- Generated by org.testng.reporters.JUnitReportReporter -->
<testsuite hostname="DESKTOP-SORKUUJ" failures="0" tests="1" name="Section11.L03_Login2" time="7.092" errors="0" timestamp="2023-04-02T23:06:46 CEST" skipped="0">
  <testcase classname="Section11.L03_Login2" name="signin" time="7.092"/>
  <system-out/>
</testsuite> <!-- Section11.L03_Login2 -->
