<?xml version="1.0" encoding="UTF-8"?>
<!-- Generated by org.testng.reporters.JUnitReportReporter -->
<testsuite hostname="DESKTOP-SORKUUJ" failures="0" tests="1" name="Section10.L01_InstallTestng" time="0.013" errors="0" timestamp="2023-03-31T23:53:12 CEST" skipped="0">
  <testcase classname="Section10.L01_InstallTestng" name="HelloWorld" time="0.013"/>
  <system-out/>
</testsuite> <!-- Section10.L01_InstallTestng -->
