<?xml version="1.0" encoding="UTF-8"?>
<!-- Generated by org.testng.reporters.JUnitReportReporter -->
<testsuite hostname="DESKTOP-SORKUUJ" failures="0" tests="1" name="Section10.L09_Annotations_b" time="12.702" errors="0" timestamp="2023-04-01T20:42:46 CEST" skipped="0">
  <testcase classname="Section10.L09_Annotations_b" name="test" time="12.702"/>
  <system-out/>
</testsuite> <!-- Section10.L09_Annotations_b -->
