<?xml version="1.0" encoding="UTF-8"?>
<!-- Generated by org.testng.reporters.JUnitReportReporter -->
<testsuite hostname="DESKTOP-SORKUUJ" failures="0" tests="3" name="Section10.L14_Enabled" time="0.239" errors="0" timestamp="2023-04-02T00:14:14 CEST" skipped="1">
  <testcase classname="Section10.L14_Enabled" name="enterBtn" time="0.105"/>
  <system-out/>
  <testcase classname="Section10.L14_Enabled" name="enterPass" time="0.134"/>
  <system-out/>
  <testcase classname="Section10.L14_Enabled" name="enterEmail">
    <skipped/>
  </testcase> <!-- enterEmail -->
  <system-out/>
</testsuite> <!-- Section10.L14_Enabled -->
