<?xml version="1.0" encoding="UTF-8"?>
<!-- Generated by org.testng.reporters.JUnitReportReporter -->
<testsuite hostname="DESKTOP-SORKUUJ" failures="0" tests="3" name="Section10.L13_DependnsOnMethod" time="1.483" errors="0" timestamp="2023-04-01T23:49:34 CEST" skipped="0">
  <testcase classname="Section10.L13_DependnsOnMethod" name="enterPass" time="0.158"/>
  <system-out/>
  <testcase classname="Section10.L13_DependnsOnMethod" name="enterEmail" time="0.189"/>
  <system-out/>
  <testcase classname="Section10.L13_DependnsOnMethod" name="enterBtn" time="1.136"/>
  <system-out/>
</testsuite> <!-- Section10.L13_DependnsOnMethod -->
